# JRE version: Java(TM) SE Runtime Environment (20.0.1+9) (build 20.0.1+9-29)
# Java VM: Java HotSpot(TM) 64-Bit Server VM (20.0.1+9-29, mixed mode, sharing, tiered, compressed oops, compressed class ptrs, g1 gc, windows-amd64)
GC Precious Log:
 CardTable entry size: 512
 Card Set container configuration: InlinePtr #cards 5 size 8 Array Of Cards #cards 12 size 40 Howl #buckets 4 coarsen threshold 1843 Howl Bitmap #cards 512 size 80 coarsen threshold 460 Card regions per heap region 1 cards per card region 2048
 CPUs: 8 total, 8 available
 Memory: 8043M
 Large Page Support: Disabled
 NUMA Support: Disabled
 Compressed Oops: Enabled (32-bit)
 Heap Region Size: 1M
 Heap Min Capacity: 8M
 Heap Initial Capacity: 126M
 Heap Max Capacity: 2G
 Pre-touch: Disabled
 Parallel Workers: 8
 Concurrent Workers: 2
 Concurrent Refinement Workers: 8
 Periodic GC: Disabled
Heap:
 garbage-first heap   total 81920K, used 38897K [0x0000000080000000, 0x0000000100000000)
  region size 1024K, 8 young (8192K), 4 survivors (4096K)
 Metaspace       used 43315K, committed 44800K, reserved 487424K
  class space    used 6110K, committed 6848K, reserved 421888K
GC Heap History (18 events):
Event: 1.181 GC heap before
{Heap before GC invocations=0 (full 0):
 garbage-first heap   total 129024K, used 28672K [0x0000000080000000, 0x0000000100000000)
  region size 1024K, 23 young (23552K), 0 survivors (0K)
 Metaspace       used 3027K, committed 3136K, reserved 487424K
  class space    used 379K, committed 448K, reserved 421888K
}
Event: 1.215 GC heap after
{Heap after GC invocations=1 (full 0):
 garbage-first heap   total 129024K, used 9024K [0x0000000080000000, 0x0000000100000000)
  region size 1024K, 3 young (3072K), 3 survivors (3072K)
 Metaspace       used 3027K, committed 3136K, reserved 487424K
  class space    used 379K, committed 448K, reserved 421888K
}
Event: 1.987 GC heap before
{Heap before GC invocations=1 (full 0):
 garbage-first heap   total 129024K, used 37696K [0x0000000080000000, 0x0000000100000000)
  region size 1024K, 31 young (31744K), 3 survivors (3072K)
 Metaspace       used 3965K, committed 4160K, reserved 487424K
  class space    used 473K, committed 576K, reserved 421888K
}
Event: 1.990 GC heap after
{Heap after GC invocations=2 (full 0):
 garbage-first heap   total 129024K, used 13895K [0x0000000080000000, 0x0000000100000000)
  region size 1024K, 4 young (4096K), 4 survivors (4096K)
 Metaspace       used 3965K, committed 4160K, reserved 487424K
  class space    used 473K, committed 576K, reserved 421888K
}
Event: 4.377 GC heap before
{Heap before GC invocations=2 (full 0):
 garbage-first heap   total 129024K, used 86599K [0x0000000080000000, 0x0000000100000000)
  region size 1024K, 75 young (76800K), 4 survivors (4096K)
 Metaspace       used 18440K, committed 19136K, reserved 487424K
  class space    used 2667K, committed 3008K, reserved 421888K
}
Event: 4.390 GC heap after
{Heap after GC invocations=3 (full 0):
 garbage-first heap   total 129024K, used 20597K [0x0000000080000000, 0x0000000100000000)
  region size 1024K, 10 young (10240K), 10 survivors (10240K)
 Metaspace       used 18440K, committed 19136K, reserved 487424K
  class space    used 2667K, committed 3008K, reserved 421888K
}
Event: 4.859 GC heap before
{Heap before GC invocations=3 (full 0):
 garbage-first heap   total 129024K, used 35957K [0x0000000080000000, 0x0000000100000000)
  region size 1024K, 26 young (26624K), 10 survivors (10240K)
 Metaspace       used 20785K, committed 21504K, reserved 487424K
  class space    used 3056K, committed 3392K, reserved 421888K
}
Event: 4.868 GC heap after
{Heap after GC invocations=4 (full 0):
 garbage-first heap   total 129024K, used 21953K [0x0000000080000000, 0x0000000100000000)
  region size 1024K, 2 young (2048K), 2 survivors (2048K)
 Metaspace       used 20785K, committed 21504K, reserved 487424K
  class space    used 3056K, committed 3392K, reserved 421888K
}
Event: 6.495 GC heap before
{Heap before GC invocations=5 (full 0):
 garbage-first heap   total 81920K, used 69057K [0x0000000080000000, 0x0000000100000000)
  region size 1024K, 48 young (49152K), 2 survivors (2048K)
 Metaspace       used 29829K, committed 30976K, reserved 487424K
  class space    used 4261K, committed 4864K, reserved 421888K
}
Event: 6.499 GC heap after
{Heap after GC invocations=6 (full 0):
 garbage-first heap   total 81920K, used 25884K [0x0000000080000000, 0x0000000100000000)
  region size 1024K, 5 young (5120K), 5 survivors (5120K)
 Metaspace       used 29829K, committed 30976K, reserved 487424K
  class space    used 4261K, committed 4864K, reserved 421888K
}
Event: 7.198 GC heap before
{Heap before GC invocations=6 (full 0):
 garbage-first heap   total 81920K, used 69916K [0x0000000080000000, 0x0000000100000000)
  region size 1024K, 46 young (47104K), 5 survivors (5120K)
 Metaspace       used 33249K, committed 34432K, reserved 487424K
  class space    used 4627K, committed 5184K, reserved 421888K
}
Event: 7.205 GC heap after
{Heap after GC invocations=7 (full 0):
 garbage-first heap   total 81920K, used 30128K [0x0000000080000000, 0x0000000100000000)
  region size 1024K, 5 young (5120K), 5 survivors (5120K)
 Metaspace       used 33249K, committed 34432K, reserved 487424K
  class space    used 4627K, committed 5184K, reserved 421888K
}
Event: 12.036 GC heap before
{Heap before GC invocations=7 (full 0):
 garbage-first heap   total 81920K, used 47536K [0x0000000080000000, 0x0000000100000000)
  region size 1024K, 23 young (23552K), 5 survivors (5120K)
 Metaspace       used 34816K, committed 36096K, reserved 487424K
  class space    used 4851K, committed 5504K, reserved 421888K
}
Event: 12.040 GC heap after
{Heap after GC invocations=8 (full 0):
 garbage-first heap   total 81920K, used 32224K [0x0000000080000000, 0x0000000100000000)
  region size 1024K, 3 young (3072K), 3 survivors (3072K)
 Metaspace       used 34816K, committed 36096K, reserved 487424K
  class space    used 4851K, committed 5504K, reserved 421888K
}
Event: 12.633 GC heap before
{Heap before GC invocations=9 (full 0):
 garbage-first heap   total 81920K, used 68064K [0x0000000080000000, 0x0000000100000000)
  region size 1024K, 38 young (38912K), 3 survivors (3072K)
 Metaspace       used 38377K, committed 39872K, reserved 487424K
  class space    used 5353K, committed 6080K, reserved 421888K
}
Event: 12.637 GC heap after
{Heap after GC invocations=10 (full 0):
 garbage-first heap   total 81920K, used 34294K [0x0000000080000000, 0x0000000100000000)
  region size 1024K, 5 young (5120K), 5 survivors (5120K)
 Metaspace       used 38377K, committed 39872K, reserved 487424K
  class space    used 5353K, committed 6080K, reserved 421888K
}
Event: 13.758 GC heap before
{Heap before GC invocations=10 (full 0):
 garbage-first heap   total 81920K, used 69110K [0x0000000080000000, 0x0000000100000000)
  region size 1024K, 39 young (39936K), 5 survivors (5120K)
 Metaspace       used 43026K, committed 44544K, reserved 487424K
  class space    used 6065K, committed 6784K, reserved 421888K
}
Event: 13.763 GC heap after
{Heap after GC invocations=11 (full 0):
 garbage-first heap   total 81920K, used 35825K [0x0000000080000000, 0x0000000100000000)
  region size 1024K, 4 young (4096K), 4 survivors (4096K)
 Metaspace       used 43026K, committed 44544K, reserved 487424K
  class space    used 6065K, committed 6784K, reserved 421888K
}

